Build started 07-10-2017 00:01:35.
     1>Project "C:\Users\sairam nuguri\MissionRnDProjects\C_BST\src\src.vcxproj" on node 2 (Build target(s)).
     1>ClCompile:
         C:\Program Files (x86)\Microsoft Visual Studio 12.0\VC\bin\CL.exe /c /ZI /nologo /W3 /WX- /sdl /Od /Oy- /D WIN32 /D _DEBUG /D _CONSOLE /D _LIB /D _UNICODE /D UNICODE /Gm /EHsc /RTC1 /MDd /GS /fp:precise /Zc:wchar_t /Zc:forScope /Fo"Debug\\" /Fd"Debug\vc120.pdb" /Gd /TP /analyze- /errorReport:prompt BSTClosestLeafDistance.cpp BSTRows.cpp BSTTransversals.cpp FixBST.cpp HeightofBST.cpp MainBST.cpp SortedArraytoBST.cpp
         SortedArraytoBST.cpp
         MainBST.cpp
         HeightofBST.cpp
         FixBST.cpp
         BSTTransversals.cpp
         BSTRows.cpp
         BSTClosestLeafDistance.cpp
         Generating Code...
       Link:
         C:\Program Files (x86)\Microsoft Visual Studio 12.0\VC\bin\link.exe /ERRORREPORT:PROMPT /OUT:"C:\Users\sairam nuguri\MissionRnDProjects\C_BST\Debug\src.exe" /INCREMENTAL /NOLOGO kernel32.lib user32.lib gdi32.lib winspool.lib comdlg32.lib advapi32.lib shell32.lib ole32.lib oleaut32.lib uuid.lib odbc32.lib odbccp32.lib /MANIFEST /MANIFESTUAC:"level='asInvoker' uiAccess='false'" /manifest:embed /DEBUG /PDB:"C:\Users\sairam nuguri\MissionRnDProjects\C_BST\Debug\src.pdb" /SUBSYSTEM:CONSOLE /TLBID:1 /DYNAMICBASE /NXCOMPAT /IMPLIB:"C:\Users\sairam nuguri\MissionRnDProjects\C_BST\Debug\src.lib" /MACHINE:X86 Debug\BSTClosestLeafDistance.obj
         Debug\BSTRows.obj
         Debug\BSTTransversals.obj
         Debug\FixBST.obj
         Debug\HeightofBST.obj
         Debug\MainBST.obj
         Debug\SortedArraytoBST.obj
         src.vcxproj -> C:\Users\sairam nuguri\MissionRnDProjects\C_BST\Debug\src.exe
     1>Done Building Project "C:\Users\sairam nuguri\MissionRnDProjects\C_BST\src\src.vcxproj" (Build target(s)).

Build succeeded.

Time Elapsed 00:00:03.12
