Build started 30-07-2017 12:01:22.
     1>Project "C:\Users\CM\MissionRnDProjects\Linkedlist\src\src.vcxproj" on node 2 (Build target(s)).
     1>ClCompile:
         C:\Program Files (x86)\Microsoft Visual Studio 12.0\VC\bin\CL.exe /c /ZI /nologo /W3 /WX- /sdl /Od /Oy- /D WIN32 /D _DEBUG /D _CONSOLE /D _LIB /D _UNICODE /D UNICODE /Gm /EHsc /RTC1 /MDd /GS /fp:precise /Zc:wchar_t /Zc:forScope /Fo"Debug\\" /Fd"Debug\vc120.pdb" /Gd /TP /analyze- /errorReport:prompt SLL012Sort.cpp numberToLinkedList.cpp removeEveryKthNode.cpp MainTest.cpp sortLinkedList.cpp IsDivSLL.cpp twodigitLinkedList.cpp
         twodigitLinkedList.cpp
         IsDivSLL.cpp
         sortLinkedList.cpp
         MainTest.cpp
         removeEveryKthNode.cpp
         numberToLinkedList.cpp
         SLL012Sort.cpp
         Generating Code...
       Link:
         C:\Program Files (x86)\Microsoft Visual Studio 12.0\VC\bin\link.exe /ERRORREPORT:PROMPT /OUT:"C:\Users\CM\MissionRnDProjects\Linkedlist\Debug\src.exe" /INCREMENTAL /NOLOGO kernel32.lib user32.lib gdi32.lib winspool.lib comdlg32.lib advapi32.lib shell32.lib ole32.lib oleaut32.lib uuid.lib odbc32.lib odbccp32.lib /MANIFEST /MANIFESTUAC:"level='asInvoker' uiAccess='false'" /manifest:embed /DEBUG /PDB:"C:\Users\CM\MissionRnDProjects\Linkedlist\Debug\src.pdb" /SUBSYSTEM:CONSOLE /TLBID:1 /DYNAMICBASE /NXCOMPAT /IMPLIB:"C:\Users\CM\MissionRnDProjects\Linkedlist\Debug\src.lib" /MACHINE:X86 Debug\SLL012Sort.obj
         Debug\numberToLinkedList.obj
         Debug\removeEveryKthNode.obj
         Debug\MainTest.obj
         Debug\sortLinkedList.obj
         Debug\IsDivSLL.obj
         Debug\twodigitLinkedList.obj
         src.vcxproj -> C:\Users\CM\MissionRnDProjects\Linkedlist\Debug\src.exe
     1>Done Building Project "C:\Users\CM\MissionRnDProjects\Linkedlist\src\src.vcxproj" (Build target(s)).

Build succeeded.

Time Elapsed 00:00:09.11
