Build started 12-08-2017 16:41:32.
     1>Project "C:\Users\CM\MissionRnDProjects\LinkedList2\src\src.vcxproj" on node 2 (Build target(s)).
     1>ClCompile:
         C:\Program Files (x86)\Microsoft Visual Studio 12.0\VC\bin\CL.exe /c /ZI /nologo /W3 /WX- /Od /Oy- /D WIN32 /D _DEBUG /D _CONSOLE /D _LIB /D _UNICODE /D UNICODE /Gm /EHsc /RTC1 /MDd /GS /fp:precise /Zc:wchar_t /Zc:forScope /Fo"Debug\\" /Fd"Debug\vc120.pdb" /Gd /TP /analyze- /errorReport:prompt BetweenDays.cpp CircularListsMerge.cpp DoorsToCross.cpp insertAtEveryKthNode.cpp linkedListMedian.cpp MainLinkedLists2.cpp merge2LinkedLists.cpp OddEven.cpp PairUp.cpp reverseLinkedList.cpp
         reverseLinkedList.cpp
         PairUp.cpp
         OddEven.cpp
         merge2LinkedLists.cpp
         MainLinkedLists2.cpp
         linkedListMedian.cpp
         insertAtEveryKthNode.cpp
         DoorsToCross.cpp
         CircularListsMerge.cpp
         BetweenDays.cpp
     1>c:\users\cm\missionrndprojects\linkedlist2\src\betweendays.cpp(44): warning C4244: '=' : conversion from 'double' to 'int', possible loss of data
     1>c:\users\cm\missionrndprojects\linkedlist2\src\betweendays.cpp(45): warning C4244: '=' : conversion from 'double' to 'int', possible loss of data
     1>c:\users\cm\missionrndprojects\linkedlist2\src\betweendays.cpp(55): warning C4244: '=' : conversion from 'double' to 'int', possible loss of data
     1>c:\users\cm\missionrndprojects\linkedlist2\src\betweendays.cpp(56): warning C4244: '=' : conversion from 'double' to 'int', possible loss of data
     1>c:\users\cm\missionrndprojects\linkedlist2\src\betweendays.cpp(66): warning C4244: '=' : conversion from 'double' to 'int', possible loss of data
     1>c:\users\cm\missionrndprojects\linkedlist2\src\betweendays.cpp(67): warning C4244: '=' : conversion from 'double' to 'int', possible loss of data
         Generating Code...
       Link:
         C:\Program Files (x86)\Microsoft Visual Studio 12.0\VC\bin\link.exe /ERRORREPORT:PROMPT /OUT:"C:\Users\CM\MissionRnDProjects\LinkedList2\Debug\src.exe" /INCREMENTAL /NOLOGO kernel32.lib user32.lib gdi32.lib winspool.lib comdlg32.lib advapi32.lib shell32.lib ole32.lib oleaut32.lib uuid.lib odbc32.lib odbccp32.lib /MANIFEST /MANIFESTUAC:"level='asInvoker' uiAccess='false'" /manifest:embed /DEBUG /PDB:"C:\Users\CM\MissionRnDProjects\LinkedList2\Debug\src.pdb" /SUBSYSTEM:CONSOLE /TLBID:1 /DYNAMICBASE /NXCOMPAT /IMPLIB:"C:\Users\CM\MissionRnDProjects\LinkedList2\Debug\src.lib" /MACHINE:X86 Debug\BetweenDays.obj
         Debug\CircularListsMerge.obj
         Debug\DoorsToCross.obj
         Debug\insertAtEveryKthNode.obj
         Debug\linkedListMedian.obj
         Debug\MainLinkedLists2.obj
         Debug\merge2LinkedLists.obj
         Debug\OddEven.obj
         Debug\PairUp.obj
         Debug\reverseLinkedList.obj
         src.vcxproj -> C:\Users\CM\MissionRnDProjects\LinkedList2\Debug\src.exe
     1>Done Building Project "C:\Users\CM\MissionRnDProjects\LinkedList2\src\src.vcxproj" (Build target(s)).

Build succeeded.

Time Elapsed 00:00:04.76
