c:\users\cm\missionrndprojects\linkedlist2\src\debug\vc120.pdb
c:\users\cm\missionrndprojects\linkedlist2\src\debug\vc120.idb
c:\users\cm\missionrndprojects\linkedlist2\src\debug\betweendays.obj
c:\users\cm\missionrndprojects\linkedlist2\src\debug\circularlistsmerge.obj
c:\users\cm\missionrndprojects\linkedlist2\src\debug\doorstocross.obj
c:\users\cm\missionrndprojects\linkedlist2\src\debug\insertateverykthnode.obj
c:\users\cm\missionrndprojects\linkedlist2\src\debug\linkedlistmedian.obj
c:\users\cm\missionrndprojects\linkedlist2\src\debug\mainlinkedlists2.obj
c:\users\cm\missionrndprojects\linkedlist2\src\debug\merge2linkedlists.obj
c:\users\cm\missionrndprojects\linkedlist2\src\debug\oddeven.obj
c:\users\cm\missionrndprojects\linkedlist2\src\debug\pairup.obj
c:\users\cm\missionrndprojects\linkedlist2\src\debug\reverselinkedlist.obj
c:\users\cm\missionrndprojects\linkedlist2\debug\src.ilk
c:\users\cm\missionrndprojects\linkedlist2\debug\src.exe
c:\users\cm\missionrndprojects\linkedlist2\debug\src.pdb
c:\users\cm\missionrndprojects\linkedlist2\src\debug\src.tlog\cl.command.1.tlog
c:\users\cm\missionrndprojects\linkedlist2\src\debug\src.tlog\cl.read.1.tlog
c:\users\cm\missionrndprojects\linkedlist2\src\debug\src.tlog\cl.write.1.tlog
c:\users\cm\missionrndprojects\linkedlist2\src\debug\src.tlog\link.command.1.tlog
c:\users\cm\missionrndprojects\linkedlist2\src\debug\src.tlog\link.read.1.tlog
c:\users\cm\missionrndprojects\linkedlist2\src\debug\src.tlog\link.write.1.tlog
