Build started 06-10-2017 23:49:44.
     1>Project "C:\Users\sairam nuguri\MissionRnDProjects\C_Recursion\src\src.vcxproj" on node 3 (Build target(s)).
     1>ClCompile:
         C:\Program Files (x86)\Microsoft Visual Studio 12.0\VC\bin\CL.exe /c /ZI /nologo /W3 /WX- /sdl /Od /Oy- /D WIN32 /D _DEBUG /D _CONSOLE /D _LIB /D _UNICODE /D UNICODE /Gm /EHsc /RTC1 /MDd /GS /fp:precise /Zc:wchar_t /Zc:forScope /Yc"stdafx.h" /Fp"Debug\src.pch" /Fo"Debug\\" /Fd"Debug\vc120.pdb" /Gd /TP /analyze- /errorReport:prompt stdafx.cpp
         stdafx.cpp
         C:\Program Files (x86)\Microsoft Visual Studio 12.0\VC\bin\CL.exe /c /ZI /nologo /W3 /WX- /sdl /Od /Oy- /D WIN32 /D _DEBUG /D _CONSOLE /D _LIB /D _UNICODE /D UNICODE /Gm /EHsc /RTC1 /MDd /GS /fp:precise /Zc:wchar_t /Zc:forScope /Fo"Debug\\" /Fd"Debug\vc120.pdb" /Gd /TP /analyze- /errorReport:prompt RopeStudents.cpp CountPairs.cpp MainRecursion.cpp Maze.cpp NSnipers.cpp Pillars.cpp Spiral.cpp Steps.cpp
         Steps.cpp
         Spiral.cpp
         Pillars.cpp
         NSnipers.cpp
         Maze.cpp
         MainRecursion.cpp
         CountPairs.cpp
         RopeStudents.cpp
         Generating Code...
       Link:
         C:\Program Files (x86)\Microsoft Visual Studio 12.0\VC\bin\link.exe /ERRORREPORT:PROMPT /OUT:"C:\Users\sairam nuguri\MissionRnDProjects\C_Recursion\Debug\src.exe" /INCREMENTAL /NOLOGO kernel32.lib user32.lib gdi32.lib winspool.lib comdlg32.lib advapi32.lib shell32.lib ole32.lib oleaut32.lib uuid.lib odbc32.lib odbccp32.lib /MANIFEST /MANIFESTUAC:"level='asInvoker' uiAccess='false'" /manifest:embed /DEBUG /PDB:"C:\Users\sairam nuguri\MissionRnDProjects\C_Recursion\Debug\src.pdb" /SUBSYSTEM:CONSOLE /TLBID:1 /DYNAMICBASE /NXCOMPAT /IMPLIB:"C:\Users\sairam nuguri\MissionRnDProjects\C_Recursion\Debug\src.lib" /MACHINE:X86 Debug\RopeStudents.obj
         Debug\CountPairs.obj
         Debug\MainRecursion.obj
         Debug\Maze.obj
         Debug\NSnipers.obj
         Debug\Pillars.obj
         Debug\Spiral.obj
         Debug\stdafx.obj
         Debug\Steps.obj
         src.vcxproj -> C:\Users\sairam nuguri\MissionRnDProjects\C_Recursion\Debug\src.exe
     1>Done Building Project "C:\Users\sairam nuguri\MissionRnDProjects\C_Recursion\src\src.vcxproj" (Build target(s)).

Build succeeded.

Time Elapsed 00:00:11.18
